[0m[[0m[0mdebug[0m] [0m[0m> Exec(testOnly rv32isc.TopTest, Some(5c827914-5dce-4294-b048-639508f05524), Some(CommandSource(console0)))[0m
[0m[[0m[0mdebug[0m] [0m[0mEvaluating tasks: Test / testOnly[0m
[0m[[0m[0mdebug[0m] [0m[0mRunning task... Cancel: Signal, check cycles: false, forcegc: true[0m
[0m[[0m[0minfo[0m] [0m[0mcompiling 1 Scala source to /home/ben/combine/target/scala-2.13/test-classes ...[0m
[0m[[0m[33mwarn[0m] [0m[0mIn the last 16 seconds, 8.917 (57.1%) were spent in GC. [Heap: 0.93GB free of 1.00GB, max 1.00GB] Consider increasing the JVM heap using `-Xmx` or try a different collector, e.g. `-XX:+UseG1GC`, for better performance.[0m
[0m[[0m[33mwarn[0m] [0m[0mCanceling execution...[0m
[0m[[0m[0mdebug[0m] [0m[0mForcing garbage collection...[0m
[0m[[0m[33mwarn[0m] [0m[0mIn the last 588 seconds, 13.913 (2.4%) were spent in GC. [Heap: 0.93GB free of 1.00GB, max 1.00GB] Consider increasing the JVM heap using `-Xmx` or try a different collector, e.g. `-XX:+UseG1GC`, for better performance.[0m
[0m[[0m[0minfo[0m] [0m[0m[32mTopTest:[0m[0m
[0m[[0m[0minfo[0m] [0m[0m[32mTop[0m[0m
[0m[[0m[0minfo[0m] [0m[0m[31m- should wave *** FAILED ***[0m[0m
[0m[[0m[0minfo[0m] [0m[0m[31m  java.lang.InterruptedException:[0m[0m
[0m[[0m[0minfo[0m] [0m[0m[31m  at java.base/java.util.concurrent.locks.AbstractQueuedSynchronizer.doAcquireSharedInterruptibly(AbstractQueuedSynchronizer.java:1040)[0m[0m
[0m[[0m[0minfo[0m] [0m[0m[31m  at java.base/java.util.concurrent.locks.AbstractQueuedSynchronizer.acquireSharedInterruptibly(AbstractQueuedSynchronizer.java:1345)[0m[0m
[0m[[0m[0minfo[0m] [0m[0m[31m  at java.base/java.util.concurrent.Semaphore.acquire(Semaphore.java:318)[0m[0m
[0m[[0m[0minfo[0m] [0m[0m[31m  at chiseltest.internal.ThreadedBackend.$anonfun$runThreads$2(ThreadedBackend.scala:562)[0m[0m
[0m[[0m[0minfo[0m] [0m[0m[31m  at chiseltest.internal.ThreadedBackend.$anonfun$runThreads$2$adapted(ThreadedBackend.scala:557)[0m[0m
[0m[[0m[0minfo[0m] [0m[0m[31m  at scala.collection.immutable.List.foreach(List.scala:333)[0m[0m
[0m[[0m[0minfo[0m] [0m[0m[31m  at chiseltest.internal.ThreadedBackend.runThreads(ThreadedBackend.scala:557)[0m[0m
[0m[[0m[0minfo[0m] [0m[0m[31m  at chiseltest.internal.ThreadedBackend.runThreads$(ThreadedBackend.scala:539)[0m[0m
[0m[[0m[0minfo[0m] [0m[0m[31m  at chiseltest.internal.GenericBackend.runThreads(GenericBackend.scala:14)[0m[0m
[0m[[0m[0minfo[0m] [0m[0m[31m  at chiseltest.internal.GenericBackend.run(GenericBackend.scala:182)[0m[0m
[0m[[0m[0minfo[0m] [0m[0m[31m  ...[0m[0m
[0m[[0m[31merror[0m] [0m[0mCancelled: testOnly rv32isc.TopTest[0m
[0m[[0m[31merror[0m] [0m[0mCancelled: testOnly rv32isc.TopTest[0m
[0m[[0m[31merror[0m] [0m[0mUse 'last' for the full log.[0m
[0m[[0m[0mdebug[0m] [0m[0m> Exec(shell, None, None)[0m
