2023.12.01 10:38:23 INFO  Started: Metals version 1.1.0 in folders '/home/ben/RISCV' for client Visual Studio Code 1.84.2.
2023.12.01 10:38:29 ERROR Unexpected error initializing server: 
scala.concurrent.Future$$anon$2: Future.filter predicate is not satisfied

2023.12.01 10:38:38 INFO  no build target found for /home/ben/RISCV/combine/build.sbt. Using presentation compiler with project's scala-library version: 3.3.1
2023.12.01 10:39:36 WARN  no build target for: /home/ben/RISCV/combine/src/test/scala/rv32isc/TopTest.scala
12月 01, 2023 10:39:53 上午 org.eclipse.lsp4j.jsonrpc.RemoteEndpoint handleCancellation
警告: Unmatched cancel notification for request id 37
12月 01, 2023 10:40:35 上午 org.eclipse.lsp4j.jsonrpc.RemoteEndpoint handleCancellation
警告: Unmatched cancel notification for request id 59
12月 01, 2023 11:14:01 上午 org.eclipse.lsp4j.jsonrpc.services.GenericEndpoint notify
資訊: Unsupported notification method: $/setTrace
2023.12.06 01:00:53 INFO  Started: Metals version 1.1.0 in folders '/home/ben/RISCV' for client Visual Studio Code 1.84.2.
2023.12.06 01:00:53 INFO  time: initialize in 0.11s
2023.12.06 01:01:07 ERROR Unexpected error initializing server: 
scala.concurrent.Future$$anon$2: Future.filter predicate is not satisfied

2023.12.06 01:01:19 INFO  no build target found for /home/ben/RISCV/chisel/src/test/scala/rv32isc/TopTest.scala. Using presentation compiler with project's scala-library version: 3.3.1
2023.12.06 02:15:43 INFO  Started: Metals version 1.1.0 in folders '/home/ben/RISCV' for client Visual Studio Code 1.84.2.
2023.12.06 02:15:44 INFO  time: initialize in 0.15s
2023.12.06 02:15:54 ERROR Unexpected error initializing server: 
scala.concurrent.Future$$anon$2: Future.filter predicate is not satisfied

2023.12.06 02:16:04 INFO  no build target found for /home/ben/RISCV/chisel/src/test/scala/rv32isc/TopTest.scala. Using presentation compiler with project's scala-library version: 3.3.1
2023.12.06 03:05:23 INFO  Shutting down server
2023.12.06 03:05:23 INFO  shutting down Metals
2023.12.06 03:05:25 INFO  Exiting server
2023.12.07 00:14:31 INFO  Started: Metals version 1.1.0 in folders '/home/ben/RISCV' for client Visual Studio Code 1.84.2.
2023.12.07 00:14:36 ERROR Unexpected error initializing server: 
scala.concurrent.Future$$anon$2: Future.filter predicate is not satisfied

2023.12.07 00:14:45 INFO  no build target found for /home/ben/RISCV/chisel/src/test/scala/rv32isc/TopTest.scala. Using presentation compiler with project's scala-library version: 3.3.1
Exception in thread "pool-3-thread-1" java.lang.InterruptedException
	at scala.meta.internal.metals.FutureCancelToken.checkCanceled(FutureCancelToken.scala:29)
	at scala.meta.internal.pc.CompilerAccess.onCompilerJobQueue$$anonfun$1(CompilerAccess.scala:230)
	at scala.meta.internal.pc.CompilerJobQueue$Job.run(CompilerJobQueue.scala:152)
	at java.base/java.util.concurrent.ThreadPoolExecutor.runWorker(ThreadPoolExecutor.java:1128)
	at java.base/java.util.concurrent.ThreadPoolExecutor$Worker.run(ThreadPoolExecutor.java:628)
	at java.base/java.lang.Thread.run(Thread.java:829)
2023.12.07 00:26:14 WARN  no build target for: /home/ben/RISCV/chisel/build.sbt
12月 07, 2023 12:27:15 上午 org.eclipse.lsp4j.jsonrpc.RemoteEndpoint handleCancellation
警告: Unmatched cancel notification for request id 215
2023.12.07 00:27:48 WARN  Could not find semantic tokens for: file:///home/ben/RISCV/chisel/project/plugins.sbt
2023.12.07 00:28:25 WARN  Could not find semantic tokens for: file:///home/ben/RISCV/chisel/project/plugins.sbt
12月 07, 2023 12:48:33 上午 org.eclipse.lsp4j.jsonrpc.RemoteEndpoint handleCancellation
警告: Unmatched cancel notification for request id 399
2023.12.07 00:50:24 WARN  no build target for: /home/ben/RISCV/chisel/build.sbt
2023.12.07 01:07:53 WARN  no build target for: /home/ben/RISCV/env_test/src/main/scala/examples/FullAdder.scala
2023.12.07 01:09:41 WARN  no build target for: /home/ben/RISCV/env_test/src/main/scala/examples/FullAdder.scala
2023.12.07 01:09:47 WARN  no build target for: /home/ben/RISCV/env_test/src/main/scala/examples/FullAdder.scala
12月 07, 2023 1:09:56 上午 org.eclipse.lsp4j.jsonrpc.RemoteEndpoint handleCancellation
警告: Unmatched cancel notification for request id 778
2023.12.07 01:13:52 WARN  no build target for: /home/ben/RISCV/env_test/src/main/scala/examples/FullAdder.scala
12月 07, 2023 1:13:54 上午 org.eclipse.lsp4j.jsonrpc.RemoteEndpoint handleCancellation
警告: Unmatched cancel notification for request id 848
2023.12.07 01:27:40 WARN  no build target for: /home/ben/RISCV/env_test/src/main/scala/examples/FullAdder.scala
2023.12.07 01:28:50 WARN  no build target for: /home/ben/RISCV/env_test/src/main/scala/examples/FullAdder.scala
2023.12.07 01:30:06 WARN  no build target for: /home/ben/RISCV/chisel/build.sbt
2023.12.07 01:30:29 WARN  no build target for: /home/ben/RISCV/chisel/src/main/scala/rv32isc/MemInst.scala
2023.12.07 01:30:38 WARN  no build target for: /home/ben/RISCV/chisel/src/main/scala/rv32isc/MemInst.scala
2023.12.07 01:31:54 WARN  no build target for: /home/ben/RISCV/chisel/src/main/scala/rv32isc/MemData.scala
12月 07, 2023 1:48:48 上午 org.eclipse.lsp4j.jsonrpc.RemoteEndpoint handleCancellation
警告: Unmatched cancel notification for request id 1171
2023.12.07 06:29:35 INFO  Started: Metals version 1.1.0 in folders '/home/ben/RISCV' for client Visual Studio Code 1.84.2.
2023.12.07 06:29:35 INFO  time: initialize in 0.18s
2023.12.07 06:30:06 INFO  no build target found for /home/ben/RISCV/chisel/build.sbt. Using presentation compiler with project's scala-library version: 3.3.1
2023.12.07 06:30:08 ERROR Unexpected error initializing server: 
scala.concurrent.Future$$anon$2: Future.filter predicate is not satisfied

2023.12.07 10:22:25 INFO  Started: Metals version 1.1.0 in folders '/home/ben/RISCV' for client Visual Studio Code 1.84.2.
2023.12.07 10:22:25 INFO  time: initialize in 0.21s
2023.12.07 10:22:33 ERROR Unexpected error initializing server: 
scala.concurrent.Future$$anon$2: Future.filter predicate is not satisfied

2023.12.07 10:22:51 INFO  no build target found for /home/ben/RISCV/chisel/build.sbt. Using presentation compiler with project's scala-library version: 3.3.1
12月 08, 2023 8:53:45 上午 org.eclipse.lsp4j.jsonrpc.RemoteEndpoint handleCancellation
警告: Unmatched cancel notification for request id 20
12月 08, 2023 8:54:10 上午 org.eclipse.lsp4j.jsonrpc.RemoteEndpoint handleCancellation
警告: Unmatched cancel notification for request id 25
12月 08, 2023 8:54:10 上午 org.eclipse.lsp4j.jsonrpc.RemoteEndpoint handleCancellation
警告: Unmatched cancel notification for request id 28
2023.12.08 10:35:20 INFO  Shutting down server
2023.12.08 10:35:23 INFO  shutting down Metals
2024.01.04 03:00:01 INFO  Started: Metals version 1.2.0 in folders '/home/ben/RISCV' for client Visual Studio Code 1.85.1.
2024.01.04 03:00:07 INFO  Attempting to connect to the build server...
2024.01.04 03:00:07 INFO  Bloop uses /usr/lib/jvm/java-11-openjdk-amd64 defined at /home/ben/.bloop/bloop.json
2024.01.04 03:00:15 INFO  no build target found for /home/ben/RISCV/chisel/src/main/scala/rv32isc/MemData.scala. Using presentation compiler with project's scala-library version: 3.3.1
2024.01.04 03:00:37 INFO  tracing is disabled for protocol BSP, to enable tracing of incoming and outgoing JSON messages create an empty file at /home/ben/RISCV/.metals/bsp.trace.json or /home/ben/.cache/metals/bsp.trace.json
2024.01.04 03:00:43 INFO  time: Connected to build server in 36s
2024.01.04 03:00:43 INFO  Connected to Build server: Bloop v1.5.13
2024.01.04 03:00:44 INFO  time: Imported build in 0.55s
2024.01.04 03:00:52 WARN  Could not find java sources in /usr/lib/jvm/src.zip, /usr/lib/jvm/lib/src.zip, /usr/lib/jvm/java-11-openjdk-amd64/src.zip, /usr/lib/jvm/java-11-openjdk-amd64/lib/src.zip, /usr/lib/jvm/src.zip, /usr/lib/jvm/lib/src.zip, /usr/lib/jvm/java-11-openjdk-amd64/src.zip, /usr/lib/jvm/java-11-openjdk-amd64/lib/src.zip. Java symbols will not be available.
2024.01.04 03:00:57 WARN  Could not find java sources in /usr/lib/jvm/src.zip, /usr/lib/jvm/lib/src.zip, /usr/lib/jvm/java-11-openjdk-amd64/src.zip, /usr/lib/jvm/java-11-openjdk-amd64/lib/src.zip, /usr/lib/jvm/src.zip, /usr/lib/jvm/lib/src.zip, /usr/lib/jvm/java-11-openjdk-amd64/src.zip, /usr/lib/jvm/java-11-openjdk-amd64/lib/src.zip. Java symbols will not be available.
2024.01.04 03:00:57 WARN  Could not find java sources in /usr/lib/jvm/src.zip, /usr/lib/jvm/lib/src.zip, /usr/lib/jvm/java-11-openjdk-amd64/src.zip, /usr/lib/jvm/java-11-openjdk-amd64/lib/src.zip, /usr/lib/jvm/src.zip, /usr/lib/jvm/lib/src.zip, /usr/lib/jvm/java-11-openjdk-amd64/src.zip, /usr/lib/jvm/java-11-openjdk-amd64/lib/src.zip. Java symbols will not be available.
2024.01.04 03:00:57 INFO  time: indexed workspace in 13s
2024.01.04 03:00:57 WARN  no build target for: /home/ben/RISCV/chisel/src/main/scala/rv32isc/MemData.scala
2024.01.04 03:00:57 WARN  no build target for: /home/ben/RISCV/chisel/src/main/scala/rv32isc/MemData.scala
2024.01.04 03:01:09 INFO  time: code lens generation in 11s
2024.01.05 06:17:22 INFO  Shutting down server
2024.01.05 06:17:22 INFO  shutting down Metals
2024.01.05 06:17:22 INFO  Shut down connection with build server.
2024.01.05 06:17:23 INFO  Exiting server
